<?xml version="1.0" encoding="UTF-8"?>
<!-- Generated by org.testng.reporters.JUnitReportReporter -->
<testsuite hostname="SL-1029" name="com.yourcompany.Tests.UploadFileToSauceStorage" tests="1" failures="0" timestamp="18 Jan 2019 02:32:21 GMT" time="0.744" errors="0">
  <testcase name="uploadFile" time="0.744" classname="com.yourcompany.Tests.UploadFileToSauceStorage"/>
</testsuite> <!-- com.yourcompany.Tests.UploadFileToSauceStorage -->
