<?xml version="1.0" encoding="UTF-8"?>
<!-- Generated by org.testng.reporters.JUnitReportReporter -->
<testsuite hostname="SL-1029" name="com.yourcompany.Tests.HomePageTest" tests="10" failures="0" timestamp="24 May 2019 21:58:53 GMT" time="135.785" errors="0">
  <testcase name="verifyTitleTest" time="17.079" classname="com.yourcompany.Tests.HomePageTest"/>
  <testcase name="verifyTitleTest" time="11.280" classname="com.yourcompany.Tests.HomePageTest"/>
  <testcase name="verifyTitleTest" time="14.828" classname="com.yourcompany.Tests.HomePageTest"/>
  <testcase name="verifyTitleTest" time="8.189" classname="com.yourcompany.Tests.HomePageTest"/>
  <testcase name="verifyTitleTest" time="18.283" classname="com.yourcompany.Tests.HomePageTest"/>
  <testcase name="verifyTitleTest" time="10.893" classname="com.yourcompany.Tests.HomePageTest"/>
  <testcase name="verifyTitleTest" time="11.481" classname="com.yourcompany.Tests.HomePageTest"/>
  <testcase name="verifyTitleTest" time="14.701" classname="com.yourcompany.Tests.HomePageTest"/>
  <testcase name="verifyTitleTest" time="18.363" classname="com.yourcompany.Tests.HomePageTest"/>
  <testcase name="verifyTitleTest" time="10.688" classname="com.yourcompany.Tests.HomePageTest"/>
</testsuite> <!-- com.yourcompany.Tests.HomePageTest -->
